# JRE version: Java(TM) SE Runtime Environment (17.0.7+8) (build 17.0.7+8-LTS-224)
# Java VM: Java HotSpot(TM) 64-Bit Server VM (17.0.7+8-LTS-224, mixed mode, sharing, tiered, compressed oops, compressed class ptrs, g1 gc, windows-amd64)
GC Precious Log:
 CPUs: 8 total, 8 available
 Memory: 7926M
 Large Page Support: Disabled
 NUMA Support: Disabled
 Compressed Oops: Enabled (32-bit)
 Heap Region Size: 1M
 Heap Min Capacity: 8M
 Heap Initial Capacity: 124M
 Heap Max Capacity: 1982M
 Pre-touch: Disabled
 Parallel Workers: 8
 Concurrent Workers: 2
 Concurrent Refinement Workers: 8
 Periodic GC: Disabled
Heap:
 garbage-first heap   total 51200K, used 34507K [0x0000000084200000, 0x0000000100000000)
  region size 1024K, 17 young (17408K), 3 survivors (3072K)
 Metaspace       used 54478K, committed 54912K, reserved 1097728K
  class space    used 7392K, committed 7616K, reserved 1048576K
GC Heap History (20 events):
Event: 1.653 GC heap before
{Heap before GC invocations=1 (full 0):
 garbage-first heap   total 126976K, used 33231K [0x0000000084200000, 0x0000000100000000)
  region size 1024K, 30 young (30720K), 3 survivors (3072K)
 Metaspace       used 12484K, committed 12736K, reserved 1064960K
  class space    used 1488K, committed 1600K, reserved 1048576K
}
Event: 1.658 GC heap after
{Heap after GC invocations=2 (full 0):
 garbage-first heap   total 126976K, used 9334K [0x0000000084200000, 0x0000000100000000)
  region size 1024K, 3 young (3072K), 3 survivors (3072K)
 Metaspace       used 12484K, committed 12736K, reserved 1064960K
  class space    used 1488K, committed 1600K, reserved 1048576K
}
Event: 2.851 GC heap before
{Heap before GC invocations=2 (full 0):
 garbage-first heap   total 126976K, used 64630K [0x0000000084200000, 0x0000000100000000)
  region size 1024K, 59 young (60416K), 3 survivors (3072K)
 Metaspace       used 21281K, committed 21504K, reserved 1073152K
  class space    used 2620K, committed 2752K, reserved 1048576K
}
Event: 2.857 GC heap after
{Heap after GC invocations=3 (full 0):
 garbage-first heap   total 126976K, used 13620K [0x0000000084200000, 0x0000000100000000)
  region size 1024K, 7 young (7168K), 7 survivors (7168K)
 Metaspace       used 21281K, committed 21504K, reserved 1073152K
  class space    used 2620K, committed 2752K, reserved 1048576K
}
Event: 3.604 GC heap before
{Heap before GC invocations=4 (full 0):
 garbage-first heap   total 51200K, used 37172K [0x0000000084200000, 0x0000000100000000)
  region size 1024K, 30 young (30720K), 7 survivors (7168K)
 Metaspace       used 25211K, committed 25600K, reserved 1073152K
  class space    used 3197K, committed 3392K, reserved 1048576K
}
Event: 3.611 GC heap after
{Heap after GC invocations=5 (full 0):
 garbage-first heap   total 51200K, used 15839K [0x0000000084200000, 0x0000000100000000)
  region size 1024K, 3 young (3072K), 3 survivors (3072K)
 Metaspace       used 25211K, committed 25600K, reserved 1073152K
  class space    used 3197K, committed 3392K, reserved 1048576K
}
Event: 3.630 GC heap before
{Heap before GC invocations=5 (full 0):
 garbage-first heap   total 51200K, used 16863K [0x0000000084200000, 0x0000000100000000)
  region size 1024K, 4 young (4096K), 3 survivors (3072K)
 Metaspace       used 25356K, committed 25728K, reserved 1073152K
  class space    used 3239K, committed 3392K, reserved 1048576K
}
Event: 3.635 GC heap after
{Heap after GC invocations=6 (full 0):
 garbage-first heap   total 51200K, used 16379K [0x0000000084200000, 0x0000000100000000)
  region size 1024K, 1 young (1024K), 1 survivors (1024K)
 Metaspace       used 25356K, committed 25728K, reserved 1073152K
  class space    used 3239K, committed 3392K, reserved 1048576K
}
Event: 4.206 GC heap before
{Heap before GC invocations=6 (full 0):
 garbage-first heap   total 51200K, used 35835K [0x0000000084200000, 0x0000000100000000)
  region size 1024K, 20 young (20480K), 1 survivors (1024K)
 Metaspace       used 28600K, committed 29056K, reserved 1081344K
  class space    used 3622K, committed 3840K, reserved 1048576K
}
Event: 4.211 GC heap after
{Heap after GC invocations=7 (full 0):
 garbage-first heap   total 51200K, used 17478K [0x0000000084200000, 0x0000000100000000)
  region size 1024K, 2 young (2048K), 2 survivors (2048K)
 Metaspace       used 28600K, committed 29056K, reserved 1081344K
  class space    used 3622K, committed 3840K, reserved 1048576K
}
Event: 4.771 GC heap before
{Heap before GC invocations=7 (full 0):
 garbage-first heap   total 51200K, used 36934K [0x0000000084200000, 0x0000000100000000)
  region size 1024K, 21 young (21504K), 2 survivors (2048K)
 Metaspace       used 32684K, committed 33088K, reserved 1081344K
  class space    used 4213K, committed 4416K, reserved 1048576K
}
Event: 4.776 GC heap after
{Heap after GC invocations=8 (full 0):
 garbage-first heap   total 51200K, used 18511K [0x0000000084200000, 0x0000000100000000)
  region size 1024K, 2 young (2048K), 2 survivors (2048K)
 Metaspace       used 32684K, committed 33088K, reserved 1081344K
  class space    used 4213K, committed 4416K, reserved 1048576K
}
Event: 5.154 GC heap before
{Heap before GC invocations=8 (full 0):
 garbage-first heap   total 51200K, used 28751K [0x0000000084200000, 0x0000000100000000)
  region size 1024K, 13 young (13312K), 2 survivors (2048K)
 Metaspace       used 35582K, committed 35968K, reserved 1081344K
  class space    used 4655K, committed 4864K, reserved 1048576K
}
Event: 5.156 GC heap after
{Heap after GC invocations=9 (full 0):
 garbage-first heap   total 51200K, used 18920K [0x0000000084200000, 0x0000000100000000)
  region size 1024K, 2 young (2048K), 2 survivors (2048K)
 Metaspace       used 35582K, committed 35968K, reserved 1081344K
  class space    used 4655K, committed 4864K, reserved 1048576K
}
Event: 6.081 GC heap before
{Heap before GC invocations=10 (full 0):
 garbage-first heap   total 51200K, used 38376K [0x0000000084200000, 0x0000000100000000)
  region size 1024K, 21 young (21504K), 2 survivors (2048K)
 Metaspace       used 40899K, committed 41344K, reserved 1089536K
  class space    used 5346K, committed 5568K, reserved 1048576K
}
Event: 6.085 GC heap after
{Heap after GC invocations=11 (full 0):
 garbage-first heap   total 51200K, used 19967K [0x0000000084200000, 0x0000000100000000)
  region size 1024K, 3 young (3072K), 3 survivors (3072K)
 Metaspace       used 40899K, committed 41344K, reserved 1089536K
  class space    used 5346K, committed 5568K, reserved 1048576K
}
Event: 6.546 GC heap before
{Heap before GC invocations=11 (full 0):
 garbage-first heap   total 51200K, used 38399K [0x0000000084200000, 0x0000000100000000)
  region size 1024K, 22 young (22528K), 3 survivors (3072K)
 Metaspace       used 46844K, committed 47296K, reserved 1097728K
  class space    used 6255K, committed 6464K, reserved 1048576K
}
Event: 6.550 GC heap after
{Heap after GC invocations=12 (full 0):
 garbage-first heap   total 51200K, used 20915K [0x0000000084200000, 0x0000000100000000)
  region size 1024K, 3 young (3072K), 3 survivors (3072K)
 Metaspace       used 46844K, committed 47296K, reserved 1097728K
  class space    used 6255K, committed 6464K, reserved 1048576K
}
Event: 7.111 GC heap before
{Heap before GC invocations=12 (full 0):
 garbage-first heap   total 51200K, used 40371K [0x0000000084200000, 0x0000000100000000)
  region size 1024K, 22 young (22528K), 3 survivors (3072K)
 Metaspace       used 51613K, committed 52160K, reserved 1097728K
  class space    used 7001K, committed 7232K, reserved 1048576K
}
Event: 7.115 GC heap after
{Heap after GC invocations=13 (full 0):
 garbage-first heap   total 51200K, used 22219K [0x0000000084200000, 0x0000000100000000)
  region size 1024K, 3 young (3072K), 3 survivors (3072K)
 Metaspace       used 51613K, committed 52160K, reserved 1097728K
  class space    used 7001K, committed 7232K, reserved 1048576K
}

