# JRE version: OpenJDK Runtime Environment Temurin-17.0.10+7 (17.0.10+7) (build 17.0.10+7)
# Java VM: OpenJDK 64-Bit Server VM Temurin-17.0.10+7 (17.0.10+7, mixed mode, emulated-client, tiered, compressed oops, compressed class ptrs, g1 gc, windows-amd64)
GC Precious Log:
 CPUs: 8 total, 8 available
 Memory: 7926M
 Large Page Support: Disabled
 NUMA Support: Disabled
 Compressed Oops: Enabled (32-bit)
 Heap Region Size: 1M
 Heap Min Capacity: 8M
 Heap Initial Capacity: 124M
 Heap Max Capacity: 1G
 Pre-touch: Disabled
 Parallel Workers: 8
 Concurrent Workers: 2
 Concurrent Refinement Workers: 8
 Periodic GC: Disabled
Heap:
 garbage-first heap   total 102400K, used 30032K [0x00000000c0000000, 0x0000000100000000)
  region size 1024K, 1 young (1024K), 0 survivors (0K)
 Metaspace       used 59454K, committed 59904K, reserved 1114112K
  class space    used 7446K, committed 7680K, reserved 1048576K
GC Heap History (20 events):
Event: 3447.098 GC heap before
{Heap before GC invocations=148 (full 118):
 garbage-first heap   total 102400K, used 30032K [0x00000000c0000000, 0x0000000100000000)
  region size 1024K, 1 young (1024K), 0 survivors (0K)
 Metaspace       used 59454K, committed 59904K, reserved 1114112K
  class space    used 7446K, committed 7680K, reserved 1048576K
}
Event: 3447.172 GC heap after
{Heap after GC invocations=149 (full 119):
 garbage-first heap   total 102400K, used 30032K [0x00000000c0000000, 0x0000000100000000)
  region size 1024K, 0 young (0K), 0 survivors (0K)
 Metaspace       used 59454K, committed 59904K, reserved 1114112K
  class space    used 7446K, committed 7680K, reserved 1048576K
}
Event: 3457.538 GC heap before
{Heap before GC invocations=149 (full 119):
 garbage-first heap   total 102400K, used 30032K [0x00000000c0000000, 0x0000000100000000)
  region size 1024K, 1 young (1024K), 0 survivors (0K)
 Metaspace       used 59454K, committed 59904K, reserved 1114112K
  class space    used 7446K, committed 7680K, reserved 1048576K
}
Event: 3457.604 GC heap after
{Heap after GC invocations=150 (full 120):
 garbage-first heap   total 102400K, used 30032K [0x00000000c0000000, 0x0000000100000000)
  region size 1024K, 0 young (0K), 0 survivors (0K)
 Metaspace       used 59454K, committed 59904K, reserved 1114112K
  class space    used 7446K, committed 7680K, reserved 1048576K
}
Event: 3467.963 GC heap before
{Heap before GC invocations=150 (full 120):
 garbage-first heap   total 102400K, used 30032K [0x00000000c0000000, 0x0000000100000000)
  region size 1024K, 1 young (1024K), 0 survivors (0K)
 Metaspace       used 59454K, committed 59904K, reserved 1114112K
  class space    used 7446K, committed 7680K, reserved 1048576K
}
Event: 3468.021 GC heap after
{Heap after GC invocations=151 (full 121):
 garbage-first heap   total 102400K, used 30032K [0x00000000c0000000, 0x0000000100000000)
  region size 1024K, 0 young (0K), 0 survivors (0K)
 Metaspace       used 59454K, committed 59904K, reserved 1114112K
  class space    used 7446K, committed 7680K, reserved 1048576K
}
Event: 3478.348 GC heap before
{Heap before GC invocations=151 (full 121):
 garbage-first heap   total 102400K, used 30032K [0x00000000c0000000, 0x0000000100000000)
  region size 1024K, 1 young (1024K), 0 survivors (0K)
 Metaspace       used 59454K, committed 59904K, reserved 1114112K
  class space    used 7446K, committed 7680K, reserved 1048576K
}
Event: 3478.419 GC heap after
{Heap after GC invocations=152 (full 122):
 garbage-first heap   total 102400K, used 30032K [0x00000000c0000000, 0x0000000100000000)
  region size 1024K, 0 young (0K), 0 survivors (0K)
 Metaspace       used 59454K, committed 59904K, reserved 1114112K
  class space    used 7446K, committed 7680K, reserved 1048576K
}
Event: 3488.716 GC heap before
{Heap before GC invocations=152 (full 122):
 garbage-first heap   total 102400K, used 30032K [0x00000000c0000000, 0x0000000100000000)
  region size 1024K, 1 young (1024K), 0 survivors (0K)
 Metaspace       used 59454K, committed 59904K, reserved 1114112K
  class space    used 7446K, committed 7680K, reserved 1048576K
}
Event: 3488.782 GC heap after
{Heap after GC invocations=153 (full 123):
 garbage-first heap   total 102400K, used 30032K [0x00000000c0000000, 0x0000000100000000)
  region size 1024K, 0 young (0K), 0 survivors (0K)
 Metaspace       used 59454K, committed 59904K, reserved 1114112K
  class space    used 7446K, committed 7680K, reserved 1048576K
}
Event: 3499.100 GC heap before
{Heap before GC invocations=153 (full 123):
 garbage-first heap   total 102400K, used 30032K [0x00000000c0000000, 0x0000000100000000)
  region size 1024K, 1 young (1024K), 0 survivors (0K)
 Metaspace       used 59454K, committed 59904K, reserved 1114112K
  class space    used 7446K, committed 7680K, reserved 1048576K
}
Event: 3499.178 GC heap after
{Heap after GC invocations=154 (full 124):
 garbage-first heap   total 102400K, used 30032K [0x00000000c0000000, 0x0000000100000000)
  region size 1024K, 0 young (0K), 0 survivors (0K)
 Metaspace       used 59454K, committed 59904K, reserved 1114112K
  class space    used 7446K, committed 7680K, reserved 1048576K
}
Event: 3509.486 GC heap before
{Heap before GC invocations=154 (full 124):
 garbage-first heap   total 102400K, used 30032K [0x00000000c0000000, 0x0000000100000000)
  region size 1024K, 1 young (1024K), 0 survivors (0K)
 Metaspace       used 59454K, committed 59904K, reserved 1114112K
  class space    used 7446K, committed 7680K, reserved 1048576K
}
Event: 3509.559 GC heap after
{Heap after GC invocations=155 (full 125):
 garbage-first heap   total 102400K, used 30032K [0x00000000c0000000, 0x0000000100000000)
  region size 1024K, 0 young (0K), 0 survivors (0K)
 Metaspace       used 59454K, committed 59904K, reserved 1114112K
  class space    used 7446K, committed 7680K, reserved 1048576K
}
Event: 3519.874 GC heap before
{Heap before GC invocations=155 (full 125):
 garbage-first heap   total 102400K, used 30032K [0x00000000c0000000, 0x0000000100000000)
  region size 1024K, 1 young (1024K), 0 survivors (0K)
 Metaspace       used 59454K, committed 59904K, reserved 1114112K
  class space    used 7446K, committed 7680K, reserved 1048576K
}
Event: 3519.940 GC heap after
{Heap after GC invocations=156 (full 126):
 garbage-first heap   total 102400K, used 30032K [0x00000000c0000000, 0x0000000100000000)
  region size 1024K, 0 young (0K), 0 survivors (0K)
 Metaspace       used 59454K, committed 59904K, reserved 1114112K
  class space    used 7446K, committed 7680K, reserved 1048576K
}
Event: 3530.284 GC heap before
{Heap before GC invocations=156 (full 126):
 garbage-first heap   total 102400K, used 30032K [0x00000000c0000000, 0x0000000100000000)
  region size 1024K, 1 young (1024K), 0 survivors (0K)
 Metaspace       used 59454K, committed 59904K, reserved 1114112K
  class space    used 7446K, committed 7680K, reserved 1048576K
}
Event: 3530.316 GC heap after
{Heap after GC invocations=157 (full 127):
 garbage-first heap   total 102400K, used 30032K [0x00000000c0000000, 0x0000000100000000)
  region size 1024K, 0 young (0K), 0 survivors (0K)
 Metaspace       used 59454K, committed 59904K, reserved 1114112K
  class space    used 7446K, committed 7680K, reserved 1048576K
}
Event: 3540.641 GC heap before
{Heap before GC invocations=157 (full 127):
 garbage-first heap   total 102400K, used 30032K [0x00000000c0000000, 0x0000000100000000)
  region size 1024K, 1 young (1024K), 0 survivors (0K)
 Metaspace       used 59454K, committed 59904K, reserved 1114112K
  class space    used 7446K, committed 7680K, reserved 1048576K
}
Event: 3540.671 GC heap after
{Heap after GC invocations=158 (full 128):
 garbage-first heap   total 102400K, used 30032K [0x00000000c0000000, 0x0000000100000000)
  region size 1024K, 0 young (0K), 0 survivors (0K)
 Metaspace       used 59454K, committed 59904K, reserved 1114112K
  class space    used 7446K, committed 7680K, reserved 1048576K
}

